<?xml version="1.0" encoding="UTF-8"?>
<testng-results skipped="0" failed="0" total="1" passed="1">
  <reporter-output>
  </reporter-output>
  <suite name="Suite" duration-ms="15055" started-at="2018-12-17T07:48:15Z" finished-at="2018-12-17T07:48:30Z">
    <groups>
    </groups>
    <test name="Test" duration-ms="15055" started-at="2018-12-17T07:48:15Z" finished-at="2018-12-17T07:48:30Z">
      <class name="TestMavenproj.TestMavenClass">
        <test-method status="PASS" signature="testHello()[pri:0, instance:TestMavenproj.TestMavenClass@215be6bb]" name="testHello" duration-ms="15039" started-at="2018-12-17T13:18:15Z" finished-at="2018-12-17T13:18:30Z">
          <reporter-output>
          </reporter-output>
        </test-method> <!-- testHello -->
      </class> <!-- TestMavenproj.TestMavenClass -->
    </test> <!-- Test -->
  </suite> <!-- Suite -->
</testng-results>
