<?xml version="1.0" encoding="UTF-8"?>
<testng-results skipped="0" failed="0" total="1" passed="1">
  <reporter-output>
  </reporter-output>
  <suite name="Suite" duration-ms="12616" started-at="2018-12-17T07:54:26Z" finished-at="2018-12-17T07:54:38Z">
    <groups>
    </groups>
    <test name="Test" duration-ms="12616" started-at="2018-12-17T07:54:26Z" finished-at="2018-12-17T07:54:38Z">
      <class name="TestMavenproj.TestMavenClass">
        <test-method status="PASS" signature="testHello()[pri:0, instance:TestMavenproj.TestMavenClass@16c0663d]" name="testHello" duration-ms="12599" started-at="2018-12-17T13:24:26Z" finished-at="2018-12-17T13:24:38Z">
          <reporter-output>
          </reporter-output>
        </test-method> <!-- testHello -->
      </class> <!-- TestMavenproj.TestMavenClass -->
    </test> <!-- Test -->
  </suite> <!-- Suite -->
</testng-results>
